# Simulation Parameters
# Box dimensions: 5 x 40 x 5
# Temperature: 0.8
# Total steps: 100000
# Log interval: 200
# Max displacement: 0.125
# Distortions: d1=(0.999995,1.00001,0.999995), d2=(1.000005,0.99999,1.000005)
# Reset sampling at: [40, 10000, 20000]
# Console freq: 50
# Trajectory freq/file: 200/data/vle-0.80-reference_trajectory.xyz

# step   E_pot     acc     w1        avg1      gamma1    w2        avg2      gamma2
   200   -11.471  0.975  9.998e-01  1.000e+00     0.030  1.000e+00  1.000e+00     0.030
   400    -7.436  0.850  1.000e+00  1.000e+00    -0.028  9.999e-01  1.000e+00    -0.028
   600   -11.687  0.950  9.999e-01  1.000e+00    -0.008  1.000e+00  1.000e+00    -0.008
   800    -8.258  1.000  9.999e-01  1.000e+00    -0.015  1.000e+00  1.000e+00    -0.015
  1000   -13.877  0.825  9.999e-01  1.000e+00    -0.030  1.000e+00  1.000e+00    -0.030
  1200   -16.764  0.925  1.000e+00  1.000e+00    -0.032  1.000e+00  1.000e+00    -0.032
  1400   -12.967  0.950  1.000e+00  1.000e+00    -0.025  9.999e-01  1.000e+00    -0.025
  1600    -9.154  0.950  1.001e+00  1.000e+00    -0.021  9.994e-01  1.000e+00    -0.021
  1800   -15.744  0.850  1.000e+00  1.000e+00    -0.015  1.000e+00  1.000e+00    -0.015
  2000    -6.548  0.975  1.000e+00  1.000e+00    -0.010  1.000e+00  1.000e+00    -0.010
  2200   -15.851  0.900  9.999e-01  1.000e+00    -0.008  1.000e+00  1.000e+00    -0.008
  2400   -12.857  0.950  1.000e+00  1.000e+00    -0.012  1.000e+00  1.000e+00    -0.012
  2600   -15.800  0.900  1.000e+00  1.000e+00    -0.017  1.000e+00  1.000e+00    -0.017
  2800   -22.384  0.925  1.000e+00  1.000e+00    -0.014  9.999e-01  1.000e+00    -0.014
  3000   -15.034  0.925  1.000e+00  1.000e+00    -0.015  9.998e-01  1.000e+00    -0.015
  3200   -10.904  0.850  1.000e+00  1.000e+00    -0.017  1.000e+00  1.000e+00    -0.017
  3400   -12.320  0.975  1.000e+00  1.000e+00    -0.016  9.999e-01  1.000e+00    -0.016
  3600   -16.400  0.975  1.000e+00  1.000e+00    -0.013  1.000e+00  1.000e+00    -0.013
  3800   -14.424  0.925  1.000e+00  1.000e+00    -0.013  9.999e-01  1.000e+00    -0.013
  4000   -18.840  0.850  1.000e+00  1.000e+00    -0.011  9.999e-01  1.000e+00    -0.011
  4200   -17.396  0.925  9.999e-01  1.000e+00    -0.006  1.000e+00  1.000e+00    -0.006
  4400   -14.960  0.950  1.000e+00  1.000e+00    -0.007  9.999e-01  1.000e+00    -0.007
  4600   -17.230  0.925  9.999e-01  1.000e+00    -0.008  1.000e+00  1.000e+00    -0.008
  4800   -12.036  0.900  1.000e+00  1.000e+00    -0.008  1.000e+00  1.000e+00    -0.008
  5000   -14.408  0.850  1.000e+00  1.000e+00    -0.007  1.000e+00  1.000e+00    -0.007
  5200   -15.813  0.925  1.000e+00  1.000e+00    -0.007  9.999e-01  1.000e+00    -0.007
  5400   -17.924  0.925  1.000e+00  1.000e+00    -0.006  9.999e-01  1.000e+00    -0.006
  5600   -18.234  0.925  1.000e+00  1.000e+00    -0.007  9.995e-01  1.000e+00    -0.007
  5800   -11.444  0.950  1.000e+00  1.000e+00    -0.008  9.999e-01  1.000e+00    -0.008
  6000    -7.316  1.000  9.999e-01  1.000e+00    -0.007  1.000e+00  1.000e+00    -0.007
  6200    -9.461  0.975  1.000e+00  1.000e+00    -0.008  1.000e+00  1.000e+00    -0.008
  6400   -18.362  0.950  9.997e-01  1.000e+00    -0.009  1.000e+00  1.000e+00    -0.009
  6600   -13.999  0.950  1.000e+00  1.000e+00    -0.007  1.000e+00  1.000e+00    -0.007
  6800   -11.371  0.950  1.000e+00  1.000e+00    -0.006  9.999e-01  1.000e+00    -0.006
  7000   -11.237  0.925  9.999e-01  1.000e+00    -0.008  1.000e+00  1.000e+00    -0.008
  7200   -16.476  0.825  9.998e-01  1.000e+00    -0.008  1.000e+00  1.000e+00    -0.008
  7400    -9.489  0.975  1.000e+00  1.000e+00    -0.009  9.999e-01  1.000e+00    -0.009
  7600   -12.372  0.975  9.999e-01  1.000e+00    -0.010  1.000e+00  1.000e+00    -0.010
  7800   -10.677  0.825  9.999e-01  1.000e+00    -0.011  1.000e+00  1.000e+00    -0.011
  8000   -12.959  0.875  1.000e+00  1.000e+00    -0.010  9.998e-01  1.000e+00    -0.010
  8200   -14.672  0.850  9.999e-01  1.000e+00    -0.009  1.000e+00  1.000e+00    -0.009
  8400   -13.324  0.900  9.999e-01  1.000e+00    -0.007  1.000e+00  1.000e+00    -0.007
  8600   -14.522  0.900  9.999e-01  1.000e+00    -0.007  1.000e+00  1.000e+00    -0.007
  8800   -13.901  0.900  1.000e+00  1.000e+00    -0.007  9.999e-01  1.000e+00    -0.007
  9000   -13.198  0.850  1.000e+00  1.000e+00    -0.007  9.999e-01  1.000e+00    -0.007
  9200   -12.736  0.925  9.999e-01  1.000e+00    -0.008  1.000e+00  1.000e+00    -0.008
  9400   -17.365  0.925  1.000e+00  1.000e+00    -0.009  1.000e+00  1.000e+00    -0.009
  9600   -17.584  0.875  9.999e-01  1.000e+00    -0.010  1.000e+00  1.000e+00    -0.010
  9800   -16.813  0.775  1.000e+00  1.000e+00    -0.011  9.998e-01  1.000e+00    -0.011
 10000   -18.348  0.925  9.999e-01  9.999e-01    -0.209  1.000e+00  1.000e+00    -0.209
 10200   -16.859  0.975  9.998e-01  1.000e+00     0.020  1.000e+00  1.000e+00     0.020
 10400   -20.444  0.900  1.000e+00  1.000e+00     0.000  9.999e-01  1.000e+00     0.000
 10600   -21.773  0.975  1.000e+00  1.000e+00    -0.016  1.000e+00  1.000e+00    -0.016
 10800   -16.547  0.850  1.000e+00  1.000e+00    -0.007  9.999e-01  1.000e+00    -0.007
 11000   -19.130  0.875  1.000e+00  1.000e+00    -0.008  9.999e-01  1.000e+00    -0.008
 11200   -19.951  0.850  1.000e+00  1.000e+00    -0.002  9.999e-01  1.000e+00    -0.002
 11400   -17.062  0.900  9.999e-01  1.000e+00    -0.020  1.000e+00  1.000e+00    -0.020
 11600   -16.809  0.900  9.999e-01  1.000e+00    -0.014  1.000e+00  1.000e+00    -0.014
 11800   -13.670  0.850  1.000e+00  1.000e+00    -0.018  1.000e+00  1.000e+00    -0.018
 12000   -11.099  0.950  1.000e+00  1.000e+00    -0.020  1.000e+00  1.000e+00    -0.020
 12200   -16.702  0.875  1.000e+00  1.000e+00    -0.011  9.998e-01  1.000e+00    -0.011
 12400   -12.026  0.875  1.000e+00  1.000e+00    -0.007  1.000e+00  1.000e+00    -0.007
 12600   -11.661  0.925  9.999e-01  1.000e+00    -0.009  1.000e+00  1.000e+00    -0.009
 12800   -11.242  0.900  1.000e+00  1.000e+00    -0.010  1.000e+00  1.000e+00    -0.010
 13000   -13.059  1.000  1.000e+00  1.000e+00    -0.006  9.998e-01  1.000e+00    -0.006
 13200   -11.399  0.875  9.996e-01  1.000e+00    -0.003  1.000e+00  1.000e+00    -0.003
 13400   -13.238  0.900  1.000e+00  1.000e+00    -0.005  9.999e-01  1.000e+00    -0.005
 13600   -15.927  0.825  9.999e-01  1.000e+00    -0.007  1.000e+00  1.000e+00    -0.007
 13800   -16.323  0.875  9.999e-01  1.000e+00    -0.006  1.000e+00  1.000e+00    -0.006
 14000   -12.636  0.975  9.999e-01  1.000e+00    -0.011  1.000e+00  1.000e+00    -0.011
 14200   -13.517  0.900  9.998e-01  1.000e+00    -0.013  1.000e+00  1.000e+00    -0.013
 14400   -15.802  0.925  1.000e+00  1.000e+00    -0.017  1.000e+00  1.000e+00    -0.017
 14600   -15.247  0.950  1.000e+00  1.000e+00    -0.018  1.000e+00  1.000e+00    -0.018
 14800   -14.978  0.925  9.998e-01  1.000e+00    -0.019  1.000e+00  1.000e+00    -0.019
 15000   -11.110  0.975  1.000e+00  1.000e+00    -0.023  1.000e+00  1.000e+00    -0.023
 15200   -11.818  0.900  1.000e+00  1.000e+00    -0.022  1.000e+00  1.000e+00    -0.022
 15400   -11.614  0.950  1.000e+00  1.000e+00    -0.020  9.999e-01  1.000e+00    -0.020
 15600   -12.699  0.900  1.000e+00  1.000e+00    -0.017  9.998e-01  1.000e+00    -0.017
 15800   -12.616  0.925  9.998e-01  1.000e+00    -0.017  1.000e+00  1.000e+00    -0.017
 16000   -13.059  0.850  1.000e+00  1.000e+00    -0.018  9.999e-01  1.000e+00    -0.018
 16200   -17.295  1.000  1.000e+00  1.000e+00    -0.018  1.000e+00  1.000e+00    -0.018
 16400   -14.068  0.825  1.000e+00  1.000e+00    -0.020  1.000e+00  1.000e+00    -0.020
 16600   -16.853  0.900  1.000e+00  1.000e+00    -0.021  9.999e-01  1.000e+00    -0.021
 16800   -13.033  0.900  1.000e+00  1.000e+00    -0.019  1.000e+00  1.000e+00    -0.019
 17000   -13.661  0.925  1.000e+00  1.000e+00    -0.020  1.000e+00  1.000e+00    -0.020
 17200   -12.372  0.975  9.999e-01  1.000e+00    -0.020  1.000e+00  1.000e+00    -0.020
 17400    -9.802  1.000  1.000e+00  1.000e+00    -0.021  1.000e+00  1.000e+00    -0.021
 17600   -12.197  0.925  1.000e+00  1.000e+00    -0.020  9.998e-01  1.000e+00    -0.020
 17800   -10.231  0.950  1.000e+00  1.000e+00    -0.021  9.999e-01  1.000e+00    -0.021
 18000   -17.974  0.950  9.997e-01  1.000e+00    -0.021  1.000e+00  1.000e+00    -0.021
 18200   -10.464  0.950  1.000e+00  1.000e+00    -0.019  9.997e-01  1.000e+00    -0.019
 18400   -18.278  0.800  1.000e+00  1.000e+00    -0.019  1.000e+00  1.000e+00    -0.019
 18600   -14.413  0.925  1.000e+00  1.000e+00    -0.017  9.999e-01  1.000e+00    -0.017
 18800   -10.042  0.950  1.000e+00  1.000e+00    -0.017  1.000e+00  1.000e+00    -0.017
 19000    -8.068  0.950  9.999e-01  1.000e+00    -0.016  1.000e+00  1.000e+00    -0.016
 19200   -12.267  0.850  9.999e-01  1.000e+00    -0.017  1.000e+00  1.000e+00    -0.017
 19400   -14.668  0.875  1.000e+00  1.000e+00    -0.017  1.000e+00  1.000e+00    -0.017
 19600   -12.069  0.950  1.000e+00  1.000e+00    -0.016  1.000e+00  1.000e+00    -0.016
 19800   -13.420  0.800  1.000e+00  1.000e+00    -0.015  9.998e-01  1.000e+00    -0.015
 20000   -12.616  0.850  1.000e+00  1.000e+00     0.067  1.000e+00  1.000e+00     0.067
 20200    -9.290  0.900  1.000e+00  1.000e+00    -0.037  1.000e+00  1.000e+00    -0.037
 20400   -14.728  0.975  9.999e-01  1.000e+00    -0.013  1.000e+00  1.000e+00    -0.013
 20600   -14.267  0.875  9.996e-01  1.000e+00    -0.018  1.000e+00  1.000e+00    -0.018
 20800   -13.752  0.950  1.000e+00  1.000e+00    -0.017  9.999e-01  1.000e+00    -0.017
 21000   -10.451  0.950  1.000e+00  1.000e+00    -0.010  1.000e+00  1.000e+00    -0.010
 21200   -15.788  0.950  9.998e-01  1.000e+00    -0.005  1.000e+00  1.000e+00    -0.005
 21400   -13.924  0.925  1.000e+00  1.000e+00    -0.005  1.000e+00  1.000e+00    -0.005
 21600   -17.340  0.875  9.999e-01  1.000e+00    -0.009  1.000e+00  1.000e+00    -0.009
 21800   -11.529  0.975  1.000e+00  1.000e+00    -0.007  9.999e-01  1.000e+00    -0.007
 22000   -10.222  0.950  1.000e+00  1.000e+00    -0.009  1.000e+00  1.000e+00    -0.009
 22200   -17.488  0.950  9.999e-01  1.000e+00    -0.006  1.000e+00  1.000e+00    -0.006
 22400   -18.604  0.850  1.000e+00  1.000e+00    -0.011  9.997e-01  1.000e+00    -0.011
 22600   -15.202  0.875  9.999e-01  1.000e+00    -0.006  1.000e+00  1.000e+00    -0.006
 22800   -16.372  0.875  9.999e-01  1.000e+00    -0.004  1.000e+00  1.000e+00    -0.004
 23000   -18.295  0.825  9.997e-01  1.000e+00    -0.000  1.000e+00  1.000e+00    -0.000
 23200   -12.199  0.950  1.000e+00  1.000e+00    -0.001  9.999e-01  1.000e+00    -0.001
 23400   -20.130  0.800  9.998e-01  1.000e+00    -0.002  1.000e+00  1.000e+00    -0.002
 23600   -15.436  0.875  1.000e+00  1.000e+00     0.000  9.998e-01  1.000e+00     0.000
 23800   -26.768  0.825  1.000e+00  1.000e+00    -0.002  1.000e+00  1.000e+00    -0.002
 24000   -25.832  0.850  9.998e-01  1.000e+00    -0.009  1.000e+00  1.000e+00    -0.009
 24200   -20.023  0.850  1.000e+00  1.000e+00    -0.006  1.000e+00  1.000e+00    -0.006
 24400   -14.592  0.925  1.000e+00  1.000e+00    -0.004  1.000e+00  1.000e+00    -0.004
 24600   -14.475  0.850  1.000e+00  1.000e+00    -0.004  1.000e+00  1.000e+00    -0.004
 24800   -15.390  0.900  9.999e-01  1.000e+00    -0.007  1.000e+00  1.000e+00    -0.007
 25000   -15.952  0.875  9.999e-01  1.000e+00    -0.007  1.000e+00  1.000e+00    -0.007
 25200   -22.993  0.925  1.000e+00  1.000e+00    -0.007  9.998e-01  1.000e+00    -0.007
 25400   -16.734  0.875  9.999e-01  1.000e+00    -0.009  1.000e+00  1.000e+00    -0.009
 25600   -17.417  0.825  9.999e-01  1.000e+00    -0.009  1.000e+00  1.000e+00    -0.009
 25800   -18.030  0.800  1.000e+00  1.000e+00    -0.011  1.000e+00  1.000e+00    -0.011
 26000   -17.660  0.900  1.000e+00  1.000e+00    -0.012  9.999e-01  1.000e+00    -0.012
 26200   -10.689  0.975  9.996e-01  1.000e+00    -0.012  1.000e+00  1.000e+00    -0.012
 26400   -13.076  0.950  9.998e-01  1.000e+00    -0.013  1.000e+00  1.000e+00    -0.013
 26600   -13.206  0.975  1.000e+00  1.000e+00    -0.012  9.998e-01  1.000e+00    -0.012
 26800   -14.835  0.850  1.000e+00  1.000e+00    -0.011  9.997e-01  1.000e+00    -0.011
 27000   -15.700  0.900  1.000e+00  1.000e+00    -0.011  1.000e+00  1.000e+00    -0.011
 27200   -20.738  0.950  9.998e-01  1.000e+00    -0.011  1.000e+00  1.000e+00    -0.011
 27400   -17.353  0.900  9.999e-01  1.000e+00    -0.012  1.000e+00  1.000e+00    -0.012
 27600   -13.795  0.900  9.999e-01  1.000e+00    -0.013  1.000e+00  1.000e+00    -0.013
 27800   -16.330  0.850  9.996e-01  1.000e+00    -0.015  1.000e+00  1.000e+00    -0.015
 28000    -9.816  0.925  1.000e+00  1.000e+00    -0.015  1.000e+00  1.000e+00    -0.015
 28200   -20.736  0.925  9.999e-01  1.000e+00    -0.016  1.000e+00  1.000e+00    -0.016
 28400   -17.244  0.975  1.000e+00  1.000e+00    -0.017  1.000e+00  1.000e+00    -0.017
 28600   -21.589  0.950  1.000e+00  1.000e+00    -0.018  1.000e+00  1.000e+00    -0.018
 28800   -25.411  0.950  1.000e+00  1.000e+00    -0.018  1.000e+00  1.000e+00    -0.018
 29000   -16.786  0.825  1.000e+00  1.000e+00    -0.017  1.000e+00  1.000e+00    -0.017
 29200   -13.266  0.925  1.000e+00  1.000e+00    -0.015  9.999e-01  1.000e+00    -0.015
 29400   -18.923  0.850  1.000e+00  1.000e+00    -0.015  1.000e+00  1.000e+00    -0.015
 29600   -18.951  0.850  1.000e+00  1.000e+00    -0.016  1.000e+00  1.000e+00    -0.016
 29800   -14.792  0.850  1.000e+00  1.000e+00    -0.015  9.998e-01  1.000e+00    -0.015
 30000   -10.632  0.975  1.000e+00  1.000e+00    -0.015  1.000e+00  1.000e+00    -0.015
 30200   -22.721  0.750  1.000e+00  1.000e+00    -0.015  1.000e+00  1.000e+00    -0.015
 30400   -13.205  0.850  9.998e-01  1.000e+00    -0.015  1.000e+00  1.000e+00    -0.015
 30600   -13.921  0.800  9.999e-01  1.000e+00    -0.014  1.000e+00  1.000e+00    -0.014
 30800   -15.136  0.825  1.000e+00  1.000e+00    -0.014  9.999e-01  1.000e+00    -0.014
 31000   -10.676  0.975  1.000e+00  1.000e+00    -0.015  1.000e+00  1.000e+00    -0.015
 31200   -13.680  0.800  1.000e+00  1.000e+00    -0.014  9.999e-01  1.000e+00    -0.014
 31400   -12.056  0.900  9.999e-01  1.000e+00    -0.014  1.000e+00  1.000e+00    -0.014
 31600   -17.391  0.925  9.999e-01  1.000e+00    -0.013  1.000e+00  1.000e+00    -0.013
 31800   -22.961  0.875  9.999e-01  1.000e+00    -0.013  1.000e+00  1.000e+00    -0.013
 32000   -18.604  0.850  1.000e+00  1.000e+00    -0.012  1.000e+00  1.000e+00    -0.012
 32200   -14.668  0.925  9.999e-01  1.000e+00    -0.012  1.000e+00  1.000e+00    -0.012
 32400   -11.622  0.900  1.000e+00  1.000e+00    -0.012  1.000e+00  1.000e+00    -0.012
 32600   -13.664  0.925  9.999e-01  1.000e+00    -0.011  1.000e+00  1.000e+00    -0.011
 32800   -14.758  0.825  1.000e+00  1.000e+00    -0.011  1.000e+00  1.000e+00    -0.011
 33000   -13.890  0.975  9.999e-01  1.000e+00    -0.012  1.000e+00  1.000e+00    -0.012
 33200   -14.103  0.825  9.996e-01  1.000e+00    -0.012  1.000e+00  1.000e+00    -0.012
 33400   -22.664  0.925  9.997e-01  1.000e+00    -0.013  1.000e+00  1.000e+00    -0.013
 33600   -17.100  0.975  1.000e+00  1.000e+00    -0.014  1.000e+00  1.000e+00    -0.014
 33800   -11.796  0.875  1.000e+00  1.000e+00    -0.013  9.995e-01  1.000e+00    -0.013
 34000   -10.202  0.950  9.999e-01  1.000e+00    -0.013  1.000e+00  1.000e+00    -0.013
 34200   -14.523  0.950  1.000e+00  1.000e+00    -0.012  9.997e-01  1.000e+00    -0.012
 34400   -19.774  0.975  1.000e+00  1.000e+00    -0.012  1.000e+00  1.000e+00    -0.012
 34600   -11.168  0.925  9.999e-01  1.000e+00    -0.012  1.000e+00  1.000e+00    -0.012
 34800   -11.437  0.975  9.999e-01  1.000e+00    -0.012  1.000e+00  1.000e+00    -0.012
 35000   -15.005  0.975  1.000e+00  1.000e+00    -0.013  1.000e+00  1.000e+00    -0.013
 35200   -14.620  0.925  1.000e+00  1.000e+00    -0.011  9.998e-01  1.000e+00    -0.011
 35400   -12.761  0.925  9.998e-01  1.000e+00    -0.011  1.000e+00  1.000e+00    -0.011
 35600    -9.006  0.975  9.999e-01  1.000e+00    -0.011  1.000e+00  1.000e+00    -0.011
 35800   -13.338  0.900  1.000e+00  1.000e+00    -0.011  1.000e+00  1.000e+00    -0.011
 36000    -9.026  0.875  9.998e-01  1.000e+00    -0.011  1.000e+00  1.000e+00    -0.011
 36200   -12.993  0.900  9.999e-01  1.000e+00    -0.011  1.000e+00  1.000e+00    -0.011
 36400   -15.880  0.925  9.998e-01  1.000e+00    -0.012  1.000e+00  1.000e+00    -0.012
 36600   -10.697  0.900  9.999e-01  1.000e+00    -0.012  1.000e+00  1.000e+00    -0.012
 36800   -12.812  0.925  9.999e-01  1.000e+00    -0.012  1.000e+00  1.000e+00    -0.012
 37000   -13.256  0.875  9.999e-01  1.000e+00    -0.012  1.000e+00  1.000e+00    -0.012
 37200    -9.405  0.950  1.000e+00  1.000e+00    -0.012  1.000e+00  1.000e+00    -0.012
 37400   -11.992  0.975  9.999e-01  1.000e+00    -0.012  1.000e+00  1.000e+00    -0.012
 37600   -17.914  0.950  1.000e+00  1.000e+00    -0.012  1.000e+00  1.000e+00    -0.012
 37800   -13.060  0.925  9.997e-01  1.000e+00    -0.012  1.000e+00  1.000e+00    -0.012
 38000   -13.488  0.925  1.000e+00  1.000e+00    -0.012  9.999e-01  1.000e+00    -0.012
 38200    -9.577  0.900  1.000e+00  1.000e+00    -0.012  9.999e-01  1.000e+00    -0.012
 38400   -15.935  0.925  9.999e-01  1.000e+00    -0.012  1.000e+00  1.000e+00    -0.012
 38600   -11.273  0.950  1.000e+00  1.000e+00    -0.012  1.000e+00  1.000e+00    -0.012
 38800   -15.548  0.825  1.000e+00  1.000e+00    -0.013  1.000e+00  1.000e+00    -0.013
 39000   -13.366  0.950  9.999e-01  1.000e+00    -0.012  1.000e+00  1.000e+00    -0.012
 39200   -19.799  0.875  9.999e-01  1.000e+00    -0.013  1.000e+00  1.000e+00    -0.013
 39400   -15.889  0.975  1.000e+00  1.000e+00    -0.013  1.000e+00  1.000e+00    -0.013
 39600   -15.040  0.875  1.000e+00  1.000e+00    -0.012  1.000e+00  1.000e+00    -0.012
 39800   -17.648  0.925  9.999e-01  1.000e+00    -0.013  1.000e+00  1.000e+00    -0.013
 40000   -16.606  0.775  1.000e+00  1.000e+00    -0.013  1.000e+00  1.000e+00    -0.013
 40200   -11.176  0.975  9.999e-01  1.000e+00    -0.013  1.000e+00  1.000e+00    -0.013
 40400   -11.743  0.850  1.000e+00  1.000e+00    -0.013  9.999e-01  1.000e+00    -0.013
 40600   -12.731  0.950  9.999e-01  1.000e+00    -0.013  1.000e+00  1.000e+00    -0.013
 40800   -10.930  0.975  9.999e-01  1.000e+00    -0.013  1.000e+00  1.000e+00    -0.013
 41000   -11.886  0.975  9.999e-01  1.000e+00    -0.013  1.000e+00  1.000e+00    -0.013
 41200    -6.890  1.000  1.000e+00  1.000e+00    -0.013  9.999e-01  1.000e+00    -0.013
 41400    -8.746  0.950  1.000e+00  1.000e+00    -0.013  9.999e-01  1.000e+00    -0.013
 41600   -10.594  0.850  1.000e+00  1.000e+00    -0.013  1.000e+00  1.000e+00    -0.013
 41800    -9.595  0.975  1.000e+00  1.000e+00    -0.013  1.000e+00  1.000e+00    -0.013
 42000   -13.639  0.875  1.000e+00  1.000e+00    -0.013  9.998e-01  1.000e+00    -0.013
 42200   -11.892  0.900  1.000e+00  1.000e+00    -0.013  1.000e+00  1.000e+00    -0.013
 42400   -15.445  0.925  1.000e+00  1.000e+00    -0.012  9.999e-01  1.000e+00    -0.012
 42600   -14.398  0.825  1.000e+00  1.000e+00    -0.012  1.000e+00  1.000e+00    -0.012
 42800   -10.977  0.875  9.999e-01  1.000e+00    -0.012  1.000e+00  1.000e+00    -0.012
 43000   -14.763  0.900  9.998e-01  1.000e+00    -0.011  1.000e+00  1.000e+00    -0.011
 43200   -14.823  0.975  9.997e-01  1.000e+00    -0.011  1.000e+00  1.000e+00    -0.011
 43400   -13.767  0.850  1.000e+00  1.000e+00    -0.010  9.998e-01  1.000e+00    -0.010
 43600   -15.304  0.925  1.000e+00  1.000e+00    -0.010  1.000e+00  1.000e+00    -0.010
 43800   -12.614  0.825  1.000e+00  1.000e+00    -0.010  9.995e-01  1.000e+00    -0.010
 44000   -15.484  0.900  1.000e+00  1.000e+00    -0.009  9.999e-01  1.000e+00    -0.009
 44200   -17.917  0.900  9.999e-01  1.000e+00    -0.009  1.000e+00  1.000e+00    -0.009
 44400   -15.737  0.900  9.999e-01  1.000e+00    -0.009  1.000e+00  1.000e+00    -0.009
 44600   -17.199  0.950  1.000e+00  1.000e+00    -0.008  1.000e+00  1.000e+00    -0.008
 44800   -18.426  0.850  1.000e+00  1.000e+00    -0.008  9.998e-01  1.000e+00    -0.008
 45000   -26.269  0.900  1.000e+00  1.000e+00    -0.008  9.999e-01  1.000e+00    -0.008
 45200   -16.537  0.900  1.000e+00  1.000e+00    -0.008  1.000e+00  1.000e+00    -0.008
 45400   -16.350  0.875  9.998e-01  1.000e+00    -0.008  1.000e+00  1.000e+00    -0.008
 45600   -14.527  0.900  1.000e+00  1.000e+00    -0.009  1.000e+00  1.000e+00    -0.009
 45800   -14.877  0.950  1.000e+00  1.000e+00    -0.008  9.999e-01  1.000e+00    -0.008
 46000   -15.585  0.950  1.000e+00  1.000e+00    -0.008  1.000e+00  1.000e+00    -0.008
 46200    -6.965  0.925  9.998e-01  1.000e+00    -0.008  1.000e+00  1.000e+00    -0.008
 46400   -12.930  0.950  9.998e-01  1.000e+00    -0.008  1.000e+00  1.000e+00    -0.008
 46600   -10.836  0.975  1.000e+00  1.000e+00    -0.008  9.998e-01  1.000e+00    -0.008
 46800    -9.910  0.925  1.000e+00  1.000e+00    -0.008  1.000e+00  1.000e+00    -0.008
 47000   -13.036  0.775  1.000e+00  1.000e+00    -0.008  1.000e+00  1.000e+00    -0.008
 47200   -14.847  1.000  1.000e+00  1.000e+00    -0.008  9.999e-01  1.000e+00    -0.008
 47400    -9.559  0.975  1.000e+00  1.000e+00    -0.008  1.000e+00  1.000e+00    -0.008
 47600   -17.507  0.975  1.000e+00  1.000e+00    -0.008  1.000e+00  1.000e+00    -0.008
 47800   -14.834  0.925  9.998e-01  1.000e+00    -0.008  1.000e+00  1.000e+00    -0.008
 48000   -12.591  0.975  1.000e+00  1.000e+00    -0.008  1.000e+00  1.000e+00    -0.008
 48200   -13.665  0.900  1.000e+00  1.000e+00    -0.008  1.000e+00  1.000e+00    -0.008
 48400   -12.360  0.925  1.000e+00  1.000e+00    -0.008  1.000e+00  1.000e+00    -0.008
 48600   -12.318  0.975  9.999e-01  1.000e+00    -0.008  1.000e+00  1.000e+00    -0.008
 48800   -10.141  0.950  1.000e+00  1.000e+00    -0.008  1.000e+00  1.000e+00    -0.008
 49000   -12.724  0.875  1.000e+00  1.000e+00    -0.008  9.998e-01  1.000e+00    -0.008
 49200   -13.945  0.850  1.000e+00  1.000e+00    -0.008  1.000e+00  1.000e+00    -0.008
 49400    -9.985  0.950  9.998e-01  1.000e+00    -0.008  1.000e+00  1.000e+00    -0.008
 49600    -8.201  0.975  9.999e-01  1.000e+00    -0.008  1.000e+00  1.000e+00    -0.008
 49800    -7.953  0.950  1.000e+00  1.000e+00    -0.008  9.999e-01  1.000e+00    -0.008
 50000   -14.252  0.950  1.000e+00  1.000e+00    -0.008  9.999e-01  1.000e+00    -0.008
 50200   -14.247  0.900  1.000e+00  1.000e+00    -0.009  1.000e+00  1.000e+00    -0.009
 50400   -14.417  0.925  1.000e+00  1.000e+00    -0.009  1.000e+00  1.000e+00    -0.009
 50600   -14.099  0.850  1.000e+00  1.000e+00    -0.009  1.000e+00  1.000e+00    -0.009
 50800    -8.179  0.900  9.998e-01  1.000e+00    -0.009  1.000e+00  1.000e+00    -0.009
 51000    -9.388  0.950  1.000e+00  1.000e+00    -0.009  1.000e+00  1.000e+00    -0.009
 51200   -17.541  0.975  1.000e+00  1.000e+00    -0.009  9.999e-01  1.000e+00    -0.009
 51400   -11.961  0.975  1.000e+00  1.000e+00    -0.009  1.000e+00  1.000e+00    -0.009
 51600   -13.171  0.900  1.000e+00  1.000e+00    -0.009  9.999e-01  1.000e+00    -0.009
 51800   -24.326  0.775  9.997e-01  1.000e+00    -0.010  1.000e+00  1.000e+00    -0.010
 52000   -15.157  0.950  1.000e+00  1.000e+00    -0.009  1.000e+00  1.000e+00    -0.009
 52200   -16.568  0.900  1.000e+00  1.000e+00    -0.009  9.998e-01  1.000e+00    -0.009
 52400   -14.323  1.000  1.000e+00  1.000e+00    -0.008  9.999e-01  1.000e+00    -0.008
 52600   -15.733  0.950  1.000e+00  1.000e+00    -0.008  1.000e+00  1.000e+00    -0.008
 52800   -14.810  0.925  1.000e+00  1.000e+00    -0.008  1.000e+00  1.000e+00    -0.008
 53000   -10.091  0.875  1.000e+00  1.000e+00    -0.008  1.000e+00  1.000e+00    -0.008
 53200   -15.431  0.925  1.000e+00  1.000e+00    -0.008  1.000e+00  1.000e+00    -0.008
 53400   -18.052  0.875  1.000e+00  1.000e+00    -0.008  1.000e+00  1.000e+00    -0.008
 53600   -11.515  0.950  1.000e+00  1.000e+00    -0.007  9.999e-01  1.000e+00    -0.007
 53800   -18.790  0.900  9.999e-01  1.000e+00    -0.007  1.000e+00  1.000e+00    -0.007
 54000   -17.725  0.775  1.000e+00  1.000e+00    -0.007  9.999e-01  1.000e+00    -0.007
 54200   -13.946  0.875  1.000e+00  1.000e+00    -0.007  1.000e+00  1.000e+00    -0.007
 54400   -10.455  0.875  1.000e+00  1.000e+00    -0.007  9.999e-01  1.000e+00    -0.007
 54600   -15.433  0.975  1.000e+00  1.000e+00    -0.006  9.999e-01  1.000e+00    -0.006
 54800   -15.588  0.925  9.999e-01  1.000e+00    -0.006  1.000e+00  1.000e+00    -0.006
 55000   -12.935  0.975  1.000e+00  1.000e+00    -0.006  1.000e+00  1.000e+00    -0.006
 55200   -15.223  0.850  9.999e-01  1.000e+00    -0.006  1.000e+00  1.000e+00    -0.006
 55400   -15.551  0.875  1.000e+00  1.000e+00    -0.006  1.000e+00  1.000e+00    -0.006
 55600   -17.139  0.925  1.000e+00  1.000e+00    -0.006  1.000e+00  1.000e+00    -0.006
 55800   -13.756  0.950  1.000e+00  1.000e+00    -0.006  1.000e+00  1.000e+00    -0.006
 56000   -12.865  0.925  9.999e-01  1.000e+00    -0.006  1.000e+00  1.000e+00    -0.006
 56200   -17.700  0.850  9.998e-01  1.000e+00    -0.006  1.000e+00  1.000e+00    -0.006
 56400    -9.775  0.900  9.999e-01  1.000e+00    -0.006  1.000e+00  1.000e+00    -0.006
 56600   -17.143  0.900  9.999e-01  1.000e+00    -0.006  1.000e+00  1.000e+00    -0.006
 56800    -9.905  0.975  9.997e-01  1.000e+00    -0.007  1.000e+00  1.000e+00    -0.007
 57000   -18.275  0.950  1.000e+00  1.000e+00    -0.007  9.999e-01  1.000e+00    -0.007
 57200   -18.093  0.925  9.997e-01  1.000e+00    -0.007  1.000e+00  1.000e+00    -0.007
 57400   -11.349  1.000  9.999e-01  1.000e+00    -0.007  1.000e+00  1.000e+00    -0.007
 57600   -18.993  0.800  1.000e+00  1.000e+00    -0.007  1.000e+00  1.000e+00    -0.007
 57800   -13.902  0.925  1.000e+00  1.000e+00    -0.007  9.999e-01  1.000e+00    -0.007
 58000   -16.259  0.925  9.999e-01  1.000e+00    -0.006  1.000e+00  1.000e+00    -0.006
 58200   -14.405  0.950  9.999e-01  1.000e+00    -0.006  1.000e+00  1.000e+00    -0.006
 58400   -16.461  0.950  1.000e+00  1.000e+00    -0.006  1.000e+00  1.000e+00    -0.006
 58600   -16.718  0.925  1.000e+00  1.000e+00    -0.005  1.000e+00  1.000e+00    -0.005
 58800   -21.603  0.875  9.999e-01  1.000e+00    -0.005  1.000e+00  1.000e+00    -0.005
 59000   -14.173  0.950  1.000e+00  1.000e+00    -0.006  1.000e+00  1.000e+00    -0.006
 59200   -13.806  0.925  1.000e+00  1.000e+00    -0.006  1.000e+00  1.000e+00    -0.006
 59400    -9.719  0.975  1.000e+00  1.000e+00    -0.006  1.000e+00  1.000e+00    -0.006
 59600   -14.597  0.875  9.998e-01  1.000e+00    -0.006  1.000e+00  1.000e+00    -0.006
 59800    -8.856  0.975  1.000e+00  1.000e+00    -0.006  1.000e+00  1.000e+00    -0.006
 60000   -19.106  0.900  9.999e-01  1.000e+00    -0.007  1.000e+00  1.000e+00    -0.007
 60200   -15.693  0.900  1.000e+00  1.000e+00    -0.007  1.000e+00  1.000e+00    -0.007
 60400   -11.104  0.950  1.000e+00  1.000e+00    -0.007  9.999e-01  1.000e+00    -0.007
 60600   -18.115  0.925  9.999e-01  1.000e+00    -0.007  1.000e+00  1.000e+00    -0.007
 60800   -16.535  0.925  1.000e+00  1.000e+00    -0.007  9.999e-01  1.000e+00    -0.007
 61000    -9.744  0.925  1.000e+00  1.000e+00    -0.006  9.999e-01  1.000e+00    -0.006
 61200   -14.170  0.925  9.999e-01  1.000e+00    -0.006  1.000e+00  1.000e+00    -0.006
 61400   -13.392  0.900  1.000e+00  1.000e+00    -0.006  1.000e+00  1.000e+00    -0.006
 61600   -10.869  0.875  9.998e-01  1.000e+00    -0.006  1.000e+00  1.000e+00    -0.006
 61800   -12.657  1.000  1.000e+00  1.000e+00    -0.006  1.000e+00  1.000e+00    -0.006
 62000    -9.408  0.950  1.000e+00  1.000e+00    -0.006  9.997e-01  1.000e+00    -0.006
 62200   -14.454  0.900  9.999e-01  1.000e+00    -0.006  1.000e+00  1.000e+00    -0.006
 62400   -12.380  0.950  9.999e-01  1.000e+00    -0.006  1.000e+00  1.000e+00    -0.006
 62600   -16.175  0.875  1.000e+00  1.000e+00    -0.006  1.000e+00  1.000e+00    -0.006
 62800    -9.705  0.950  9.998e-01  1.000e+00    -0.006  1.000e+00  1.000e+00    -0.006
 63000   -13.595  0.925  1.000e+00  1.000e+00    -0.006  1.000e+00  1.000e+00    -0.006
 63200   -11.636  0.925  1.000e+00  1.000e+00    -0.006  1.000e+00  1.000e+00    -0.006
 63400    -9.682  0.900  1.000e+00  1.000e+00    -0.006  1.000e+00  1.000e+00    -0.006
 63600    -9.192  0.825  1.000e+00  1.000e+00    -0.006  9.999e-01  1.000e+00    -0.006
 63800   -10.851  0.925  1.000e+00  1.000e+00    -0.006  1.000e+00  1.000e+00    -0.006
 64000   -16.943  0.950  1.000e+00  1.000e+00    -0.006  9.999e-01  1.000e+00    -0.006
 64200   -14.588  1.000  1.000e+00  1.000e+00    -0.006  9.999e-01  1.000e+00    -0.006
 64400    -8.454  0.925  1.000e+00  1.000e+00    -0.006  9.999e-01  1.000e+00    -0.006
 64600   -11.939  0.950  1.000e+00  1.000e+00    -0.006  1.000e+00  1.000e+00    -0.006
 64800   -12.835  0.925  9.999e-01  1.000e+00    -0.006  1.000e+00  1.000e+00    -0.006
 65000   -12.280  0.925  9.999e-01  1.000e+00    -0.006  1.000e+00  1.000e+00    -0.006
 65200   -17.590  0.950  9.999e-01  1.000e+00    -0.006  1.000e+00  1.000e+00    -0.006
 65400   -15.167  0.825  1.000e+00  1.000e+00    -0.006  9.999e-01  1.000e+00    -0.006
 65600   -11.216  0.975  1.000e+00  1.000e+00    -0.006  9.997e-01  1.000e+00    -0.006
 65800   -11.675  0.850  1.000e+00  1.000e+00    -0.007  9.999e-01  1.000e+00    -0.007
 66000   -11.141  0.950  1.000e+00  1.000e+00    -0.006  1.000e+00  1.000e+00    -0.006
 66200   -12.361  0.975  9.999e-01  1.000e+00    -0.006  1.000e+00  1.000e+00    -0.006
 66400   -15.084  0.925  1.000e+00  1.000e+00    -0.006  9.999e-01  1.000e+00    -0.006
 66600    -8.796  0.925  9.999e-01  1.000e+00    -0.006  1.000e+00  1.000e+00    -0.006
 66800    -9.074  0.950  1.000e+00  1.000e+00    -0.006  9.999e-01  1.000e+00    -0.006
 67000    -9.331  0.975  1.000e+00  1.000e+00    -0.006  9.999e-01  1.000e+00    -0.006
 67200    -7.890  1.000  1.000e+00  1.000e+00    -0.006  1.000e+00  1.000e+00    -0.006
 67400    -6.545  0.900  1.000e+00  1.000e+00    -0.006  1.000e+00  1.000e+00    -0.006
 67600   -10.256  0.900  1.000e+00  1.000e+00    -0.006  9.999e-01  1.000e+00    -0.006
 67800   -13.455  0.950  9.999e-01  1.000e+00    -0.006  1.000e+00  1.000e+00    -0.006
 68000   -10.314  0.925  9.996e-01  1.000e+00    -0.006  1.000e+00  1.000e+00    -0.006
 68200   -19.900  0.900  1.000e+00  1.000e+00    -0.006  9.999e-01  1.000e+00    -0.006
 68400   -15.985  0.875  9.999e-01  1.000e+00    -0.006  1.000e+00  1.000e+00    -0.006
 68600   -15.132  0.925  1.000e+00  1.000e+00    -0.006  9.999e-01  1.000e+00    -0.006
 68800   -13.024  0.950  1.000e+00  1.000e+00    -0.006  1.000e+00  1.000e+00    -0.006
 69000   -12.660  0.975  1.000e+00  1.000e+00    -0.006  1.000e+00  1.000e+00    -0.006
 69200   -12.722  0.950  1.000e+00  1.000e+00    -0.006  9.999e-01  1.000e+00    -0.006
 69400   -11.497  0.950  1.000e+00  1.000e+00    -0.006  1.000e+00  1.000e+00    -0.006
 69600   -15.423  0.875  1.000e+00  1.000e+00    -0.006  9.999e-01  1.000e+00    -0.006
 69800   -21.510  0.875  9.999e-01  1.000e+00    -0.006  1.000e+00  1.000e+00    -0.006
 70000   -14.556  0.975  1.000e+00  1.000e+00    -0.006  1.000e+00  1.000e+00    -0.006
 70200   -16.361  0.925  9.999e-01  1.000e+00    -0.006  1.000e+00  1.000e+00    -0.006
 70400   -15.346  0.875  1.000e+00  1.000e+00    -0.006  1.000e+00  1.000e+00    -0.006
 70600   -13.355  0.975  1.000e+00  1.000e+00    -0.005  9.999e-01  1.000e+00    -0.005
 70800   -13.427  0.875  1.000e+00  1.000e+00    -0.005  9.998e-01  1.000e+00    -0.005
 71000   -15.209  0.950  1.000e+00  1.000e+00    -0.005  9.999e-01  1.000e+00    -0.005
 71200   -14.834  0.875  1.000e+00  1.000e+00    -0.005  1.000e+00  1.000e+00    -0.005
 71400   -15.877  0.775  9.999e-01  1.000e+00    -0.005  1.000e+00  1.000e+00    -0.005
 71600   -12.752  0.950  9.999e-01  1.000e+00    -0.006  1.000e+00  1.000e+00    -0.006
 71800   -11.517  0.950  9.999e-01  1.000e+00    -0.006  1.000e+00  1.000e+00    -0.006
 72000   -17.286  0.850  1.000e+00  1.000e+00    -0.006  9.999e-01  1.000e+00    -0.006
 72200   -14.970  0.950  1.000e+00  1.000e+00    -0.006  1.000e+00  1.000e+00    -0.006
 72400    -8.169  0.925  1.000e+00  1.000e+00    -0.006  9.999e-01  1.000e+00    -0.006
 72600   -12.736  0.875  9.999e-01  1.000e+00    -0.006  1.000e+00  1.000e+00    -0.006
 72800   -11.660  0.950  9.999e-01  1.000e+00    -0.006  1.000e+00  1.000e+00    -0.006
 73000    -5.893  1.000  1.000e+00  1.000e+00    -0.006  1.000e+00  1.000e+00    -0.006
 73200   -13.425  0.950  1.000e+00  1.000e+00    -0.006  9.999e-01  1.000e+00    -0.006
 73400   -14.896  0.925  9.998e-01  1.000e+00    -0.006  1.000e+00  1.000e+00    -0.006
 73600   -11.545  0.975  1.000e+00  1.000e+00    -0.006  9.999e-01  1.000e+00    -0.006
 73800    -7.727  0.950  1.000e+00  1.000e+00    -0.006  1.000e+00  1.000e+00    -0.006
 74000    -8.448  0.900  1.000e+00  1.000e+00    -0.006  1.000e+00  1.000e+00    -0.006
 74200   -17.541  0.875  1.000e+00  1.000e+00    -0.006  1.000e+00  1.000e+00    -0.006
 74400    -9.070  0.950  1.000e+00  1.000e+00    -0.006  1.000e+00  1.000e+00    -0.006
 74600   -11.935  0.950  1.000e+00  1.000e+00    -0.006  1.000e+00  1.000e+00    -0.006
 74800   -14.192  0.950  1.000e+00  1.000e+00    -0.006  1.000e+00  1.000e+00    -0.006
 75000    -7.819  0.900  1.000e+00  1.000e+00    -0.006  9.999e-01  1.000e+00    -0.006
 75200   -10.799  0.950  9.999e-01  1.000e+00    -0.006  1.000e+00  1.000e+00    -0.006
 75400   -16.670  0.900  1.000e+00  1.000e+00    -0.007  1.000e+00  1.000e+00    -0.007
 75600   -14.223  0.800  1.000e+00  1.000e+00    -0.006  1.000e+00  1.000e+00    -0.006
 75800   -17.779  0.850  1.000e+00  1.000e+00    -0.007  9.999e-01  1.000e+00    -0.007
 76000   -13.298  0.925  1.000e+00  1.000e+00    -0.007  1.000e+00  1.000e+00    -0.007
 76200   -17.453  0.875  1.000e+00  1.000e+00    -0.006  9.999e-01  1.000e+00    -0.006
 76400   -15.478  0.825  1.000e+00  1.000e+00    -0.007  1.000e+00  1.000e+00    -0.007
 76600   -14.513  0.850  9.998e-01  1.000e+00    -0.007  1.000e+00  1.000e+00    -0.007
 76800   -17.895  0.750  9.999e-01  1.000e+00    -0.007  1.000e+00  1.000e+00    -0.007
 77000    -7.764  0.875  9.999e-01  1.000e+00    -0.006  1.000e+00  1.000e+00    -0.006
 77200   -20.859  0.900  1.000e+00  1.000e+00    -0.006  1.000e+00  1.000e+00    -0.006
 77400   -14.749  0.900  1.000e+00  1.000e+00    -0.006  1.000e+00  1.000e+00    -0.006
 77600   -11.394  0.975  1.001e+00  1.000e+00    -0.007  9.995e-01  1.000e+00    -0.007
 77800   -13.304  0.900  9.996e-01  1.000e+00    -0.007  1.000e+00  1.000e+00    -0.007
 78000   -10.552  0.975  9.999e-01  1.000e+00    -0.007  1.000e+00  1.000e+00    -0.007
 78200    -8.104  0.975  1.000e+00  1.000e+00    -0.007  1.000e+00  1.000e+00    -0.007
 78400    -9.558  0.950  1.000e+00  1.000e+00    -0.007  9.999e-01  1.000e+00    -0.007
 78600   -19.534  0.875  1.000e+00  1.000e+00    -0.007  9.998e-01  1.000e+00    -0.007
 78800   -17.733  0.850  9.997e-01  1.000e+00    -0.007  1.000e+00  1.000e+00    -0.007
 79000   -13.989  0.900  1.000e+00  1.000e+00    -0.007  1.000e+00  1.000e+00    -0.007
 79200   -16.966  0.825  1.000e+00  1.000e+00    -0.007  9.999e-01  1.000e+00    -0.007
 79400   -14.832  0.900  9.999e-01  1.000e+00    -0.007  1.000e+00  1.000e+00    -0.007
 79600   -10.693  0.975  9.999e-01  1.000e+00    -0.007  1.000e+00  1.000e+00    -0.007
 79800   -11.830  0.925  1.000e+00  1.000e+00    -0.007  1.000e+00  1.000e+00    -0.007
 80000   -13.407  0.950  9.998e-01  1.000e+00    -0.007  1.000e+00  1.000e+00    -0.007
 80200   -14.750  0.850  9.998e-01  1.000e+00    -0.007  1.000e+00  1.000e+00    -0.007
 80400   -18.006  0.850  1.000e+00  1.000e+00    -0.007  1.000e+00  1.000e+00    -0.007
 80600   -14.619  0.825  1.000e+00  1.000e+00    -0.007  9.998e-01  1.000e+00    -0.007
 80800   -16.201  0.900  1.000e+00  1.000e+00    -0.007  1.000e+00  1.000e+00    -0.007
 81000   -14.188  0.950  1.000e+00  1.000e+00    -0.007  1.000e+00  1.000e+00    -0.007
 81200   -14.265  0.850  1.000e+00  1.000e+00    -0.007  9.999e-01  1.000e+00    -0.007
 81400   -10.681  0.925  1.000e+00  1.000e+00    -0.007  1.000e+00  1.000e+00    -0.007
 81600   -13.036  0.925  1.000e+00  1.000e+00    -0.007  1.000e+00  1.000e+00    -0.007
 81800   -18.789  0.875  9.997e-01  1.000e+00    -0.007  1.000e+00  1.000e+00    -0.007
 82000   -14.346  0.950  1.000e+00  1.000e+00    -0.007  1.000e+00  1.000e+00    -0.007
 82200   -14.494  0.900  1.000e+00  1.000e+00    -0.007  9.998e-01  1.000e+00    -0.007
 82400   -10.646  0.900  9.995e-01  1.000e+00    -0.007  1.001e+00  1.000e+00    -0.007
 82600   -11.098  0.925  1.000e+00  1.000e+00    -0.007  9.998e-01  1.000e+00    -0.007
 82800    -8.514  1.000  1.000e+00  1.000e+00    -0.008  9.999e-01  1.000e+00    -0.008
 83000   -10.544  0.950  1.000e+00  1.000e+00    -0.008  1.000e+00  1.000e+00    -0.008
 83200    -9.930  0.975  9.999e-01  1.000e+00    -0.008  1.000e+00  1.000e+00    -0.008
 83400    -8.047  0.900  9.999e-01  1.000e+00    -0.008  1.000e+00  1.000e+00    -0.008
 83600   -10.972  0.875  9.999e-01  1.000e+00    -0.008  1.000e+00  1.000e+00    -0.008
 83800   -13.153  0.850  1.000e+00  1.000e+00    -0.008  1.000e+00  1.000e+00    -0.008
 84000    -9.110  0.900  9.998e-01  1.000e+00    -0.008  1.000e+00  1.000e+00    -0.008
 84200   -10.569  0.950  1.000e+00  1.000e+00    -0.008  1.000e+00  1.000e+00    -0.008
 84400   -10.510  0.950  9.999e-01  1.000e+00    -0.008  1.000e+00  1.000e+00    -0.008
 84600   -19.000  0.875  1.000e+00  1.000e+00    -0.008  9.999e-01  1.000e+00    -0.008
 84800   -13.707  0.850  1.000e+00  1.000e+00    -0.008  1.000e+00  1.000e+00    -0.008
 85000   -17.389  0.925  1.000e+00  1.000e+00    -0.008  1.000e+00  1.000e+00    -0.008
 85200   -14.690  0.925  9.998e-01  1.000e+00    -0.008  1.000e+00  1.000e+00    -0.008
 85400   -17.983  0.875  1.000e+00  1.000e+00    -0.008  1.000e+00  1.000e+00    -0.008
 85600   -20.932  0.900  9.999e-01  1.000e+00    -0.008  1.000e+00  1.000e+00    -0.008
 85800   -13.013  0.925  1.000e+00  1.000e+00    -0.008  1.000e+00  1.000e+00    -0.008
 86000    -8.433  0.975  9.999e-01  1.000e+00    -0.008  1.000e+00  1.000e+00    -0.008
 86200    -9.971  0.875  1.000e+00  1.000e+00    -0.008  1.000e+00  1.000e+00    -0.008
 86400   -12.751  0.950  1.000e+00  1.000e+00    -0.008  1.000e+00  1.000e+00    -0.008
 86600   -12.430  0.925  1.000e+00  1.000e+00    -0.008  9.999e-01  1.000e+00    -0.008
 86800    -6.666  0.975  1.000e+00  1.000e+00    -0.008  1.000e+00  1.000e+00    -0.008
 87000   -11.198  0.900  1.000e+00  1.000e+00    -0.008  1.000e+00  1.000e+00    -0.008
 87200    -9.830  1.000  1.000e+00  1.000e+00    -0.008  1.000e+00  1.000e+00    -0.008
 87400   -11.759  0.975  9.998e-01  1.000e+00    -0.008  1.000e+00  1.000e+00    -0.008
 87600   -12.708  0.825  1.000e+00  1.000e+00    -0.008  9.997e-01  1.000e+00    -0.008
 87800   -15.575  0.925  1.000e+00  1.000e+00    -0.008  1.000e+00  1.000e+00    -0.008
 88000   -15.764  0.925  1.000e+00  1.000e+00    -0.008  1.000e+00  1.000e+00    -0.008
 88200    -9.922  0.975  1.000e+00  1.000e+00    -0.008  9.999e-01  1.000e+00    -0.008
 88400   -15.112  0.825  1.000e+00  1.000e+00    -0.008  9.999e-01  1.000e+00    -0.008
 88600    -8.957  0.925  1.000e+00  1.000e+00    -0.008  1.000e+00  1.000e+00    -0.008
 88800   -12.420  0.975  1.001e+00  1.000e+00    -0.008  9.993e-01  1.000e+00    -0.008
 89000    -9.881  0.925  9.999e-01  1.000e+00    -0.008  1.000e+00  1.000e+00    -0.008
 89200   -10.580  0.900  1.000e+00  1.000e+00    -0.008  9.999e-01  1.000e+00    -0.008
 89400   -14.762  0.925  9.999e-01  1.000e+00    -0.007  1.000e+00  1.000e+00    -0.007
 89600   -11.408  0.900  1.000e+00  1.000e+00    -0.007  9.997e-01  1.000e+00    -0.007
 89800   -16.035  0.900  1.000e+00  1.000e+00    -0.007  1.000e+00  1.000e+00    -0.007
 90000   -11.640  0.900  9.999e-01  1.000e+00    -0.007  1.000e+00  1.000e+00    -0.007
 90200   -14.493  0.850  1.000e+00  1.000e+00    -0.007  9.998e-01  1.000e+00    -0.007
 90400   -14.451  0.975  1.000e+00  1.000e+00    -0.007  9.999e-01  1.000e+00    -0.007
 90600   -14.362  0.975  1.000e+00  1.000e+00    -0.007  1.000e+00  1.000e+00    -0.007
 90800   -15.306  0.850  1.000e+00  1.000e+00    -0.007  9.999e-01  1.000e+00    -0.007
 91000   -13.804  0.950  9.999e-01  1.000e+00    -0.007  1.000e+00  1.000e+00    -0.007
 91200    -8.072  0.950  1.000e+00  1.000e+00    -0.007  9.999e-01  1.000e+00    -0.007
 91400    -8.928  0.975  1.000e+00  1.000e+00    -0.007  1.000e+00  1.000e+00    -0.007
 91600    -8.795  0.975  1.000e+00  1.000e+00    -0.007  9.997e-01  1.000e+00    -0.007
 91800    -9.362  0.925  1.000e+00  1.000e+00    -0.007  1.000e+00  1.000e+00    -0.007
 92000   -16.758  0.950  1.000e+00  1.000e+00    -0.007  1.000e+00  1.000e+00    -0.007
 92200   -15.732  0.900  9.999e-01  1.000e+00    -0.007  1.000e+00  1.000e+00    -0.007
 92400   -10.680  0.925  1.000e+00  1.000e+00    -0.007  1.000e+00  1.000e+00    -0.007
 92600   -13.905  0.925  9.998e-01  1.000e+00    -0.007  1.000e+00  1.000e+00    -0.007
 92800   -17.208  0.900  1.000e+00  1.000e+00    -0.007  1.000e+00  1.000e+00    -0.007
 93000   -16.718  0.675  1.000e+00  1.000e+00    -0.007  1.000e+00  1.000e+00    -0.007
 93200   -14.267  0.900  1.000e+00  1.000e+00    -0.007  1.000e+00  1.000e+00    -0.007
 93400   -15.558  0.900  9.999e-01  1.000e+00    -0.007  1.000e+00  1.000e+00    -0.007
 93600   -14.181  0.950  9.999e-01  1.000e+00    -0.007  1.000e+00  1.000e+00    -0.007
 93800    -9.095  0.975  1.000e+00  1.000e+00    -0.007  1.000e+00  1.000e+00    -0.007
 94000    -8.206  0.925  9.997e-01  1.000e+00    -0.007  1.000e+00  1.000e+00    -0.007
 94200   -11.809  0.975  1.000e+00  1.000e+00    -0.007  9.999e-01  1.000e+00    -0.007
 94400   -13.508  1.000  1.000e+00  1.000e+00    -0.007  1.000e+00  1.000e+00    -0.007
 94600   -13.804  0.900  1.000e+00  1.000e+00    -0.006  1.000e+00  1.000e+00    -0.006
 94800   -14.714  0.975  9.999e-01  1.000e+00    -0.006  1.000e+00  1.000e+00    -0.006
 95000   -20.525  0.850  9.999e-01  1.000e+00    -0.007  1.000e+00  1.000e+00    -0.007
 95200   -23.680  0.875  1.000e+00  1.000e+00    -0.006  9.999e-01  1.000e+00    -0.006
 95400   -19.813  0.925  9.999e-01  1.000e+00    -0.006  1.000e+00  1.000e+00    -0.006
 95600   -17.052  0.825  9.998e-01  1.000e+00    -0.006  1.000e+00  1.000e+00    -0.006
 95800   -12.470  0.875  9.998e-01  1.000e+00    -0.006  1.000e+00  1.000e+00    -0.006
 96000   -12.839  0.950  1.000e+00  1.000e+00    -0.006  1.000e+00  1.000e+00    -0.006
 96200   -19.374  0.900  9.999e-01  1.000e+00    -0.006  1.000e+00  1.000e+00    -0.006
 96400   -14.408  0.925  1.000e+00  1.000e+00    -0.006  9.999e-01  1.000e+00    -0.006
 96600   -13.610  0.925  1.000e+00  1.000e+00    -0.006  1.000e+00  1.000e+00    -0.006
 96800   -12.144  0.850  1.000e+00  1.000e+00    -0.006  9.998e-01  1.000e+00    -0.006
 97000   -16.040  0.925  1.000e+00  1.000e+00    -0.006  9.999e-01  1.000e+00    -0.006
 97200   -15.731  0.825  9.999e-01  1.000e+00    -0.006  1.000e+00  1.000e+00    -0.006
 97400   -12.035  0.900  1.000e+00  1.000e+00    -0.006  1.000e+00  1.000e+00    -0.006
 97600   -14.836  0.900  1.000e+00  1.000e+00    -0.006  1.000e+00  1.000e+00    -0.006
 97800   -14.999  0.850  1.000e+00  1.000e+00    -0.006  1.000e+00  1.000e+00    -0.006
 98000   -15.743  0.775  1.000e+00  1.000e+00    -0.006  9.999e-01  1.000e+00    -0.006
 98200    -8.380  0.950  1.000e+00  1.000e+00    -0.006  1.000e+00  1.000e+00    -0.006
 98400   -10.678  1.000  1.000e+00  1.000e+00    -0.006  9.999e-01  1.000e+00    -0.006
 98600   -10.420  1.000  9.999e-01  1.000e+00    -0.005  1.000e+00  1.000e+00    -0.005
 98800   -13.551  0.975  9.997e-01  1.000e+00    -0.006  1.000e+00  1.000e+00    -0.006
 99000   -10.363  0.850  1.000e+00  1.000e+00    -0.005  9.995e-01  1.000e+00    -0.005
 99200   -13.862  0.975  9.999e-01  1.000e+00    -0.005  1.000e+00  1.000e+00    -0.005
 99400   -12.338  0.975  1.000e+00  1.000e+00    -0.005  1.000e+00  1.000e+00    -0.005
 99600   -11.703  1.000  1.000e+00  1.000e+00    -0.006  1.000e+00  1.000e+00    -0.006
 99800   -10.276  0.950  1.000e+00  1.000e+00    -0.005  1.000e+00  1.000e+00    -0.005
100000   -10.705  0.975  1.000e+00  1.000e+00    -0.005  9.998e-01  1.000e+00    -0.005

gamma(area increase) = -0.005447
gamma(area decrease) = -0.005449
mean: -13.919068
std: 0.3052171505203194
