# Simulation Parameters
# Box dimensions: 3 x 12 x 3
# Temperature: 0.8
# Total steps: 50000
# Log interval: 100
# Max displacement: 0.125
# Distortions: d1=(0.999995,1.00001,0.999995), d2=(1.000005,0.99999,1.000005)
# Reset sampling at: [100, 2000]
# Console freq: 50
# Trajectory freq/file: 100/data/vle-small_trajectory.xyz

# step   E_pot     acc     w1        avg1      gamma1    w2        avg2      gamma2
   100   -28.438  0.667  9.999e-01  9.999e-01    -0.508  1.000e+00  1.000e+00    -0.508
   200   -27.785  0.800  1.001e+00  1.000e+00     0.016  9.991e-01  1.000e+00     0.015
   300   -29.565  0.867  1.000e+00  1.000e+00     0.075  9.999e-01  1.000e+00     0.075
   400   -27.479  0.667  1.000e+00  1.000e+00    -0.136  1.000e+00  1.000e+00    -0.136
   500   -25.634  0.867  9.999e-01  1.000e+00    -0.037  1.000e+00  1.000e+00    -0.037
   600   -28.768  0.733  9.997e-01  1.000e+00    -0.074  1.000e+00  1.000e+00    -0.074
   700   -31.588  0.533  9.997e-01  1.000e+00    -0.094  1.000e+00  1.000e+00    -0.094
   800   -27.722  0.733  9.999e-01  1.000e+00    -0.070  1.000e+00  1.000e+00    -0.070
   900   -25.972  0.867  1.000e+00  1.000e+00    -0.056  9.999e-01  1.000e+00    -0.056
  1000   -20.478  0.800  9.998e-01  1.000e+00    -0.095  1.000e+00  1.000e+00    -0.095
  1100   -32.535  0.533  9.999e-01  1.000e+00    -0.131  1.000e+00  1.000e+00    -0.131
  1200   -28.198  0.867  9.999e-01  1.000e+00    -0.114  1.000e+00  1.000e+00    -0.114
  1300   -30.361  0.667  1.000e+00  1.000e+00    -0.070  9.996e-01  1.000e+00    -0.070
  1400   -21.242  0.600  9.998e-01  1.000e+00    -0.045  1.000e+00  1.000e+00    -0.045
  1500   -29.050  0.933  9.999e-01  1.000e+00    -0.055  1.000e+00  1.000e+00    -0.055
  1600   -27.564  0.800  1.000e+00  1.000e+00    -0.058  9.997e-01  1.000e+00    -0.058
  1700   -34.455  0.933  1.000e+00  1.000e+00    -0.062  1.000e+00  1.000e+00    -0.062
  1800   -33.878  0.400  9.995e-01  1.000e+00    -0.076  1.000e+00  1.000e+00    -0.076
  1900   -27.333  0.600  1.000e+00  1.000e+00    -0.080  9.998e-01  1.000e+00    -0.080
  2000   -26.054  0.667  9.996e-01  9.996e-01    -1.828  1.000e+00  1.000e+00    -1.827
  2100   -28.887  0.467  1.000e+00  9.999e-01    -0.226  9.999e-01  1.000e+00    -0.226
  2200   -31.406  0.733  9.996e-01  1.000e+00    -0.140  1.000e+00  1.000e+00    -0.140
  2300   -25.090  0.867  1.000e+00  9.999e-01    -0.413  9.999e-01  1.000e+00    -0.413
  2400   -28.635  0.467  1.000e+00  9.999e-01    -0.393  9.997e-01  1.000e+00    -0.393
  2500   -29.377  0.600  9.998e-01  9.999e-01    -0.382  1.000e+00  1.000e+00    -0.382
  2600   -27.723  0.600  9.997e-01  9.999e-01    -0.428  1.000e+00  1.000e+00    -0.428
  2700   -31.661  0.667  1.000e+00  9.999e-01    -0.413  9.998e-01  1.000e+00    -0.414
  2800   -30.406  0.867  1.000e+00  9.999e-01    -0.416  1.000e+00  1.000e+00    -0.416
  2900   -26.084  0.933  1.000e+00  9.999e-01    -0.330  9.999e-01  1.000e+00    -0.330
  3000   -26.953  0.733  1.000e+00  9.999e-01    -0.298  9.999e-01  1.000e+00    -0.298
  3100   -24.939  0.933  1.000e+00  9.999e-01    -0.298  9.999e-01  1.000e+00    -0.298
  3200   -29.255  0.533  9.997e-01  9.999e-01    -0.293  1.000e+00  1.000e+00    -0.293
  3300   -27.246  0.800  9.999e-01  9.999e-01    -0.272  1.000e+00  1.000e+00    -0.272
  3400   -32.063  0.733  1.000e+00  9.999e-01    -0.256  9.999e-01  1.000e+00    -0.256
  3500   -30.845  0.600  1.000e+00  9.999e-01    -0.257  1.000e+00  1.000e+00    -0.257
  3600   -32.544  0.600  9.999e-01  9.999e-01    -0.277  1.000e+00  1.000e+00    -0.277
  3700   -28.495  0.733  1.000e+00  9.999e-01    -0.292  9.998e-01  1.000e+00    -0.292
  3800   -32.012  0.467  1.000e+00  9.999e-01    -0.273  9.999e-01  1.000e+00    -0.273
  3900   -32.079  0.800  9.998e-01  9.999e-01    -0.257  1.000e+00  1.000e+00    -0.257
  4000   -31.651  0.533  9.999e-01  9.999e-01    -0.241  1.000e+00  1.000e+00    -0.241
  4100   -36.023  0.733  1.001e+00  9.999e-01    -0.239  9.994e-01  1.000e+00    -0.239
  4200   -37.306  0.533  1.000e+00  9.999e-01    -0.238  1.000e+00  1.000e+00    -0.238
  4300   -34.298  0.333  1.000e+00  1.000e+00    -0.221  1.000e+00  1.000e+00    -0.221
  4400   -34.978  0.533  1.000e+00  1.000e+00    -0.216  9.998e-01  1.000e+00    -0.216
  4500   -29.326  0.733  1.000e+00  9.999e-01    -0.225  9.999e-01  1.000e+00    -0.225
  4600   -34.916  0.867  9.999e-01  1.000e+00    -0.215  1.000e+00  1.000e+00    -0.215
  4700   -30.410  0.667  1.001e+00  1.000e+00    -0.207  9.995e-01  1.000e+00    -0.207
  4800   -32.300  0.533  1.000e+00  1.000e+00    -0.208  9.999e-01  1.000e+00    -0.208
  4900   -29.819  0.800  1.000e+00  1.000e+00    -0.205  9.999e-01  1.000e+00    -0.205
  5000   -36.164  0.600  9.997e-01  1.000e+00    -0.199  1.000e+00  1.000e+00    -0.199
  5100   -33.303  0.600  9.999e-01  9.999e-01    -0.224  1.000e+00  1.000e+00    -0.224
  5200   -30.673  0.667  1.000e+00  9.999e-01    -0.226  1.000e+00  1.000e+00    -0.226
  5300   -32.446  0.533  9.999e-01  9.999e-01    -0.228  1.000e+00  1.000e+00    -0.228
  5400   -34.589  0.533  9.998e-01  9.999e-01    -0.228  1.000e+00  1.000e+00    -0.228
  5500   -34.715  0.800  9.999e-01  9.999e-01    -0.225  1.000e+00  1.000e+00    -0.225
  5600   -30.174  0.533  9.997e-01  1.000e+00    -0.217  1.000e+00  1.000e+00    -0.217
  5700   -31.360  0.933  9.999e-01  1.000e+00    -0.217  1.000e+00  1.000e+00    -0.217
  5800   -27.631  1.000  1.000e+00  1.000e+00    -0.220  9.999e-01  1.000e+00    -0.220
  5900   -29.311  0.667  1.000e+00  1.000e+00    -0.213  1.000e+00  1.000e+00    -0.213
  6000   -24.581  0.867  1.000e+00  1.000e+00    -0.218  1.000e+00  1.000e+00    -0.218
  6100   -26.445  0.733  9.998e-01  1.000e+00    -0.217  1.000e+00  1.000e+00    -0.217
  6200   -25.202  0.933  9.998e-01  1.000e+00    -0.211  1.000e+00  1.000e+00    -0.211
  6300   -25.285  0.600  9.998e-01  1.000e+00    -0.212  1.000e+00  1.000e+00    -0.212
  6400   -19.091  0.867  9.999e-01  1.000e+00    -0.211  1.000e+00  1.000e+00    -0.211
  6500   -22.065  0.800  1.000e+00  1.000e+00    -0.203  1.000e+00  1.000e+00    -0.203
  6600   -22.081  0.867  1.000e+00  1.000e+00    -0.205  1.000e+00  1.000e+00    -0.205
  6700   -21.094  0.733  9.998e-01  1.000e+00    -0.205  1.000e+00  1.000e+00    -0.205
  6800   -21.555  0.800  1.000e+00  1.000e+00    -0.205  1.000e+00  1.000e+00    -0.205
  6900   -20.853  0.800  9.999e-01  1.000e+00    -0.212  1.000e+00  1.000e+00    -0.212
  7000   -18.766  0.667  9.999e-01  1.000e+00    -0.208  1.000e+00  1.000e+00    -0.208
  7100   -19.895  0.867  9.999e-01  1.000e+00    -0.210  1.000e+00  1.000e+00    -0.210
  7200   -15.100  0.733  9.999e-01  1.000e+00    -0.204  1.000e+00  1.000e+00    -0.204
  7300   -17.844  0.667  1.000e+00  1.000e+00    -0.207  9.999e-01  1.000e+00    -0.207
  7400   -13.621  0.733  9.999e-01  1.000e+00    -0.208  1.000e+00  1.000e+00    -0.208
  7500   -19.616  0.800  9.998e-01  1.000e+00    -0.206  1.000e+00  1.000e+00    -0.206
  7600   -13.143  0.933  1.000e+00  1.000e+00    -0.205  1.000e+00  1.000e+00    -0.205
  7700   -17.080  0.933  9.999e-01  1.000e+00    -0.204  1.000e+00  1.000e+00    -0.204
  7800   -16.182  0.800  9.998e-01  1.000e+00    -0.204  1.000e+00  1.000e+00    -0.204
  7900   -14.232  0.933  9.999e-01  1.000e+00    -0.203  1.000e+00  1.000e+00    -0.203
  8000   -19.855  0.733  9.999e-01  1.000e+00    -0.203  1.000e+00  1.000e+00    -0.203
  8100   -23.802  0.867  1.000e+00  1.000e+00    -0.201  9.999e-01  1.000e+00    -0.201
  8200   -17.077  0.933  1.001e+00  1.000e+00    -0.199  9.995e-01  1.000e+00    -0.199
  8300   -16.455  0.933  1.000e+00  1.000e+00    -0.197  1.000e+00  1.000e+00    -0.197
  8400   -14.593  0.733  9.999e-01  1.000e+00    -0.198  1.000e+00  1.000e+00    -0.198
  8500   -17.742  0.733  9.999e-01  1.000e+00    -0.200  1.000e+00  1.000e+00    -0.200
  8600   -13.117  0.733  9.999e-01  1.000e+00    -0.203  1.000e+00  1.000e+00    -0.203
  8700   -13.040  0.933  9.998e-01  1.000e+00    -0.197  1.000e+00  1.000e+00    -0.197
  8800   -17.224  0.867  1.000e+00  1.000e+00    -0.194  9.998e-01  1.000e+00    -0.194
  8900   -12.901  0.800  9.999e-01  1.000e+00    -0.189  1.000e+00  1.000e+00    -0.189
  9000   -15.145  1.000  1.000e+00  1.000e+00    -0.187  9.999e-01  1.000e+00    -0.187
  9100   -20.572  0.800  9.998e-01  1.000e+00    -0.185  1.000e+00  1.000e+00    -0.185
  9200   -12.449  0.733  1.000e+00  1.000e+00    -0.184  1.000e+00  1.000e+00    -0.184
  9300   -11.489  0.800  9.998e-01  1.000e+00    -0.184  1.000e+00  1.000e+00    -0.184
  9400   -17.102  0.733  1.000e+00  1.000e+00    -0.182  9.999e-01  1.000e+00    -0.181
  9500   -18.783  0.733  1.000e+00  1.000e+00    -0.181  9.999e-01  1.000e+00    -0.181
  9600   -13.711  0.933  9.999e-01  1.000e+00    -0.179  1.000e+00  1.000e+00    -0.179
  9700   -18.288  0.667  1.000e+00  1.000e+00    -0.179  1.000e+00  1.000e+00    -0.179
  9800   -15.132  0.600  9.998e-01  1.000e+00    -0.178  1.000e+00  1.000e+00    -0.178
  9900   -12.635  0.800  1.000e+00  1.000e+00    -0.178  9.996e-01  1.000e+00    -0.178
 10000   -12.202  0.867  9.998e-01  1.000e+00    -0.177  1.000e+00  1.000e+00    -0.177
 10100   -15.449  0.600  1.000e+00  1.000e+00    -0.180  1.000e+00  1.000e+00    -0.180
 10200   -11.439  0.933  1.000e+00  1.000e+00    -0.178  1.000e+00  1.000e+00    -0.178
 10300   -11.540  0.667  1.000e+00  1.000e+00    -0.178  9.999e-01  1.000e+00    -0.178
 10400   -12.507  0.867  1.000e+00  1.000e+00    -0.174  9.998e-01  1.000e+00    -0.174
 10500   -12.581  0.867  1.000e+00  1.000e+00    -0.172  9.998e-01  1.000e+00    -0.172
 10600    -9.100  0.800  1.000e+00  1.000e+00    -0.172  1.000e+00  1.000e+00    -0.172
 10700   -13.356  0.800  1.000e+00  1.000e+00    -0.172  1.000e+00  1.000e+00    -0.172
 10800   -12.465  0.733  1.000e+00  1.000e+00    -0.171  9.998e-01  1.000e+00    -0.171
 10900   -16.886  0.733  1.000e+00  1.000e+00    -0.168  9.997e-01  1.000e+00    -0.168
 11000   -16.636  0.933  1.000e+00  1.000e+00    -0.164  1.000e+00  1.000e+00    -0.164
 11100   -19.241  0.600  1.000e+00  1.000e+00    -0.160  9.999e-01  1.000e+00    -0.160
 11200   -18.558  0.733  9.999e-01  1.000e+00    -0.156  1.000e+00  1.000e+00    -0.156
 11300   -20.344  0.800  9.998e-01  1.000e+00    -0.156  1.000e+00  1.000e+00    -0.156
 11400   -18.958  0.867  1.000e+00  1.000e+00    -0.157  1.000e+00  1.000e+00    -0.157
